2025-08-02 20:51:31.200 [main] INFO  c.s.b.BlogApplicationTests               : Starting BlogApplicationTests using Java 17.0.9 with PID 3659 (started by chriskayomb in /Users/chriskayomb/Documents/workspace/Spring Framework/Spring MVC/Blog Application/blogApplication)
2025-08-02 20:51:31.200 [main] INFO  c.s.b.BlogApplicationTests               : No active profile set, falling back to 1 default profile: "default"
2025-08-02 20:51:31.501 [main] INFO  .s.d.r.c.RepositoryConfigurationDelegate : Bootstrapping Spring Data JPA repositories in DEFAULT mode.
2025-08-02 20:51:31.511 [main] INFO  .s.d.r.c.RepositoryConfigurationDelegate : Finished Spring Data repository scanning in 5 ms. Found 0 JPA repository interfaces.
2025-08-02 20:51:31.711 [main] INFO  o.hibernate.jpa.internal.util.LogHelper  : HHH000204: Processing PersistenceUnitInfo [name: default]
2025-08-02 20:51:31.777 [main] INFO  org.hibernate.Version                    : HHH000412: Hibernate ORM core version 6.6.22.Final
2025-08-02 20:51:31.795 [main] INFO  o.h.c.internal.RegionFactoryInitiator    : HHH000026: Second-level cache disabled
2025-08-02 20:51:31.937 [main] INFO  o.s.o.j.p.SpringPersistenceUnitInfo      : No LoadTimeWeaver setup: ignoring JPA class transformer
2025-08-02 20:51:31.951 [main] INFO  com.zaxxer.hikari.HikariDataSource       : HikariPool-1 - Starting...
2025-08-02 20:51:32.041 [main] INFO  com.zaxxer.hikari.pool.HikariPool        : HikariPool-1 - Added connection conn0: url=jdbc:h2:mem:blogdatabase user=SA
2025-08-02 20:51:32.042 [main] INFO  com.zaxxer.hikari.HikariDataSource       : HikariPool-1 - Start completed.
2025-08-02 20:51:32.058 [main] WARN  org.hibernate.orm.deprecation            : HHH90000025: H2Dialect does not need to be specified explicitly using 'hibernate.dialect' (remove the property setting and it will be selected by default)
2025-08-02 20:51:32.068 [main] INFO  org.hibernate.orm.connections.pooling    : HHH10001005: Database info:
	Database JDBC URL [Connecting through datasource 'HikariDataSource (HikariPool-1)']
	Database driver: undefined/unknown
	Database version: 2.3.232
	Autocommit mode: undefined/unknown
	Isolation level: undefined/unknown
	Minimum pool size: undefined/unknown
	Maximum pool size: undefined/unknown
2025-08-02 20:51:32.225 [main] INFO  o.h.e.t.j.p.i.JtaPlatformInitiator       : HHH000489: No JTA platform available (set 'hibernate.transaction.jta.platform' to enable JTA platform integration)
2025-08-02 20:51:32.227 [main] INFO  j.LocalContainerEntityManagerFactoryBean : Initialized JPA EntityManagerFactory for persistence unit 'default'
2025-08-02 20:51:32.295 [main] WARN  JpaBaseConfiguration$JpaWebConfiguration : spring.jpa.open-in-view is enabled by default. Therefore, database queries may be performed during view rendering. Explicitly configure spring.jpa.open-in-view to disable this warning
2025-08-02 20:51:32.446 [main] WARN  ion$DefaultTemplateResolverConfiguration : Cannot find template location: classpath:/templates/ (please add some templates, check your Thymeleaf configuration, or set spring.thymeleaf.check-template-location=false)
2025-08-02 20:51:32.502 [main] INFO  o.s.b.a.h2.H2ConsoleAutoConfiguration    : H2 console available at '/h2-console'. Database available at 'jdbc:h2:mem:blogdatabase'
2025-08-02 20:51:32.543 [main] INFO  c.s.b.BlogApplicationTests               : Started BlogApplicationTests in 1.523 seconds (process running for 2.019)
2025-08-02 20:51:32.544 [main] INFO  c.s.b.DatabaseConnectionVerifier         : Attempting to connect to the configured H2 database...
2025-08-02 20:51:32.544 [main] INFO  c.s.b.DatabaseConnectionVerifier         : Successfully established a connection to the database!
2025-08-02 20:51:32.923 [SpringApplicationShutdownHook] INFO  j.LocalContainerEntityManagerFactoryBean : Closing JPA EntityManagerFactory for persistence unit 'default'
2025-08-02 20:51:32.925 [SpringApplicationShutdownHook] INFO  com.zaxxer.hikari.HikariDataSource       : HikariPool-1 - Shutdown initiated...
2025-08-02 20:51:32.926 [SpringApplicationShutdownHook] INFO  com.zaxxer.hikari.HikariDataSource       : HikariPool-1 - Shutdown completed.
2025-08-02 20:51:43.335 [main] INFO  c.s.blogApplication.BlogApplication      : Starting BlogApplication v0.0.1-SNAPSHOT using Java 17.0.9 with PID 3793 (/Users/chriskayomb/Documents/workspace/Spring Framework/Spring MVC/Blog Application/blogApplication/target/blogApplication-0.0.1-SNAPSHOT.jar started by chriskayomb in /Users/chriskayomb/Documents/workspace/Spring Framework/Spring MVC/Blog Application/blogApplication)
2025-08-02 20:51:43.338 [main] INFO  c.s.blogApplication.BlogApplication      : No active profile set, falling back to 1 default profile: "default"
2025-08-02 20:51:43.767 [main] INFO  .s.d.r.c.RepositoryConfigurationDelegate : Bootstrapping Spring Data JPA repositories in DEFAULT mode.
2025-08-02 20:51:43.784 [main] INFO  .s.d.r.c.RepositoryConfigurationDelegate : Finished Spring Data repository scanning in 10 ms. Found 0 JPA repository interfaces.
2025-08-02 20:51:44.023 [main] INFO  o.s.b.w.embedded.tomcat.TomcatWebServer  : Tomcat initialized with port 8081 (http)
2025-08-02 20:51:44.033 [main] INFO  o.apache.catalina.core.StandardService   : Starting service [Tomcat]
2025-08-02 20:51:44.034 [main] INFO  o.apache.catalina.core.StandardEngine    : Starting Servlet engine: [Apache Tomcat/10.1.43]
2025-08-02 20:51:44.053 [main] INFO  o.a.c.c.C.[Tomcat].[localhost].[/]       : Initializing Spring embedded WebApplicationContext
2025-08-02 20:51:44.053 [main] INFO  w.s.c.ServletWebServerApplicationContext : Root WebApplicationContext: initialization completed in 632 ms
2025-08-02 20:51:44.147 [main] INFO  o.hibernate.jpa.internal.util.LogHelper  : HHH000204: Processing PersistenceUnitInfo [name: default]
2025-08-02 20:51:44.177 [main] INFO  org.hibernate.Version                    : HHH000412: Hibernate ORM core version 6.6.22.Final
2025-08-02 20:51:44.197 [main] INFO  o.h.c.internal.RegionFactoryInitiator    : HHH000026: Second-level cache disabled
2025-08-02 20:51:44.372 [main] INFO  o.s.o.j.p.SpringPersistenceUnitInfo      : No LoadTimeWeaver setup: ignoring JPA class transformer
2025-08-02 20:51:44.387 [main] INFO  com.zaxxer.hikari.HikariDataSource       : HikariPool-1 - Starting...
2025-08-02 20:51:44.501 [main] INFO  com.zaxxer.hikari.pool.HikariPool        : HikariPool-1 - Added connection conn0: url=jdbc:h2:mem:blogdatabase user=SA
2025-08-02 20:51:44.502 [main] INFO  com.zaxxer.hikari.HikariDataSource       : HikariPool-1 - Start completed.
2025-08-02 20:51:44.515 [main] WARN  org.hibernate.orm.deprecation            : HHH90000025: H2Dialect does not need to be specified explicitly using 'hibernate.dialect' (remove the property setting and it will be selected by default)
2025-08-02 20:51:44.528 [main] INFO  org.hibernate.orm.connections.pooling    : HHH10001005: Database info:
	Database JDBC URL [Connecting through datasource 'HikariDataSource (HikariPool-1)']
	Database driver: undefined/unknown
	Database version: 2.3.232
	Autocommit mode: undefined/unknown
	Isolation level: undefined/unknown
	Minimum pool size: undefined/unknown
	Maximum pool size: undefined/unknown
2025-08-02 20:51:44.692 [main] INFO  o.h.e.t.j.p.i.JtaPlatformInitiator       : HHH000489: No JTA platform available (set 'hibernate.transaction.jta.platform' to enable JTA platform integration)
2025-08-02 20:51:44.694 [main] INFO  j.LocalContainerEntityManagerFactoryBean : Initialized JPA EntityManagerFactory for persistence unit 'default'
2025-08-02 20:51:44.714 [main] WARN  JpaBaseConfiguration$JpaWebConfiguration : spring.jpa.open-in-view is enabled by default. Therefore, database queries may be performed during view rendering. Explicitly configure spring.jpa.open-in-view to disable this warning
2025-08-02 20:51:44.859 [main] WARN  ion$DefaultTemplateResolverConfiguration : Cannot find template location: classpath:/templates/ (please add some templates, check your Thymeleaf configuration, or set spring.thymeleaf.check-template-location=false)
2025-08-02 20:51:44.907 [main] INFO  o.s.b.a.h2.H2ConsoleAutoConfiguration    : H2 console available at '/h2-console'. Database available at 'jdbc:h2:mem:blogdatabase'
2025-08-02 20:51:44.957 [main] INFO  o.s.b.w.embedded.tomcat.TomcatWebServer  : Tomcat started on port 8081 (http) with context path '/'
2025-08-02 20:51:44.971 [main] INFO  c.s.blogApplication.BlogApplication      : Started BlogApplication in 2.009 seconds (process running for 2.387)
2025-08-02 20:51:44.973 [main] INFO  c.s.b.DatabaseConnectionVerifier         : Attempting to connect to the configured H2 database...
2025-08-02 20:51:44.974 [main] INFO  c.s.b.DatabaseConnectionVerifier         : Successfully established a connection to the database!
